[debug] [2020-05-25T10:26:48.540Z] ----------------------------------------------------------------------
[debug] [2020-05-25T10:26:48.542Z] Command:       /usr/local/lib/node_modules/firebase-tools/lib/bin/firebase.js /home/vishnu/.cache/firebase/tools/lib/node_modules/firebase-tools/lib/bin/firebase init
[debug] [2020-05-25T10:26:48.542Z] CLI Version:   8.4.0
[debug] [2020-05-25T10:26:48.542Z] Platform:      linux
[debug] [2020-05-25T10:26:48.542Z] Node Version:  v12.16.1
[debug] [2020-05-25T10:26:48.543Z] Time:          Mon May 25 2020 15:56:48 GMT+0530 (India Standard Time)
[debug] [2020-05-25T10:26:48.543Z] ----------------------------------------------------------------------
[debug] [2020-05-25T10:26:48.543Z] 
[debug] [2020-05-25T10:26:48.548Z] > command requires scopes: ["email","openid","https://www.googleapis.com/auth/cloudplatformprojects.readonly","https://www.googleapis.com/auth/firebase","https://www.googleapis.com/auth/cloud-platform"]
[debug] [2020-05-25T10:26:48.548Z] > authorizing via signed-in user
[info] 
     ######## #### ########  ######## ########     ###     ######  ########
     ##        ##  ##     ## ##       ##     ##  ##   ##  ##       ##
     ######    ##  ########  ######   ########  #########  ######  ######
     ##        ##  ##    ##  ##       ##     ## ##     ##       ## ##
     ##       #### ##     ## ######## ########  ##     ##  ######  ########

You're about to initialize a Firebase project in this directory:

  /home/vishnu/reactfireBsase/firebase-react-app

Before we get started, keep in mind:

  * You are initializing in an existing Firebase project directory

[info] 
=== Project Setup
[info] 
[info] First, let's associate this project directory with a Firebase project.
[info] You can create multiple project aliases by running firebase use --add, 
[info] but for now we'll just set up a default project.
[info] 
[info] i  .firebaserc already has a default project, using first-firebase-project-27d33. 
[debug] [2020-05-25T10:26:54.999Z] >>> HTTP REQUEST GET https://firebase.googleapis.com/v1beta1/projects/first-firebase-project-27d33  
 
[debug] [2020-05-25T10:27:25.047Z] Server Error. ETIMEDOUT
[debug] [2020-05-25T10:27:45.074Z] FirebaseError: Server Error. ETIMEDOUT
    at Request._callback (/home/vishnu/.cache/firebase/tools/lib/node_modules/firebase-tools/lib/api.js:32:31)
    at self.callback (/home/vishnu/.cache/firebase/tools/lib/node_modules/request/request.js:185:22)
    at Request.emit (events.js:311:20)
    at Request.EventEmitter.emit (domain.js:482:12)
    at Timeout.<anonymous> (/home/vishnu/.cache/firebase/tools/lib/node_modules/request/request.js:851:16)
    at listOnTimeout (internal/timers.js:549:17)
    at processTimers (internal/timers.js:492:7)
[error] 
[error] Error: Failed to get Firebase project first-firebase-project-27d33. Please make sure the project exists and your account has permission to access it.
